Classic Timing Analyzer report for problem2_18301033
Wed Mar 30 22:23:44 2022
Quartus II Version 8.1 Build 163 10/28/2008 SJ Web Edition


---------------------
; Table of Contents ;
---------------------
  1. Legal Notice
  2. Timing Analyzer Summary
  3. Timing Analyzer Settings
  4. Clock Settings Summary
  5. tsu
  6. tco
  7. tpd
  8. th
  9. Timing Analyzer Messages



----------------
; Legal Notice ;
----------------
Copyright (C) 1991-2008 Altera Corporation
Your use of Altera Corporation's design tools, logic functions 
and other software and tools, and its AMPP partner logic 
functions, and any output files from any of the foregoing 
(including device programming or simulation files), and any 
associated documentation or information are expressly subject 
to the terms and conditions of the Altera Program License 
Subscription Agreement, Altera MegaCore Function License 
Agreement, or other applicable license agreement, including, 
without limitation, that your use is for the sole purpose of 
programming logic devices manufactured by Altera and sold by 
Altera or its authorized distributors.  Please refer to the 
applicable agreement for further details.



+------------------------------------------------------------------------------------------------------------------------------------+
; Timing Analyzer Summary                                                                                                            ;
+------------------------------+-------+---------------+-------------+---------+--------------+------------+----------+--------------+
; Type                         ; Slack ; Required Time ; Actual Time ; From    ; To           ; From Clock ; To Clock ; Failed Paths ;
+------------------------------+-------+---------------+-------------+---------+--------------+------------+----------+--------------+
; Worst-case tsu               ; N/A   ; None          ; 2.300 ns    ; mny[0]  ; chg[1]$latch ; --         ; mny[0]   ; 0            ;
; Worst-case tco               ; N/A   ; None          ; 9.400 ns    ; present ; chg[0]       ; clk        ; --       ; 0            ;
; Worst-case tpd               ; N/A   ; None          ; 8.100 ns    ; mny[1]  ; chg[0]       ; --         ; --       ; 0            ;
; Worst-case th                ; N/A   ; None          ; 0.000 ns    ; mny[0]  ; buy$latch    ; --         ; mny[1]   ; 0            ;
; Total number of failed paths ;       ;               ;             ;         ;              ;            ;          ; 0            ;
+------------------------------+-------+---------------+-------------+---------+--------------+------------+----------+--------------+


+--------------------------------------------------------------------------------------------------------------------+
; Timing Analyzer Settings                                                                                           ;
+---------------------------------------------------------------------+--------------------+------+----+-------------+
; Option                                                              ; Setting            ; From ; To ; Entity Name ;
+---------------------------------------------------------------------+--------------------+------+----+-------------+
; Device Name                                                         ; EPF10K30ETC144-1   ;      ;    ;             ;
; Timing Models                                                       ; Final              ;      ;    ;             ;
; Default hold multicycle                                             ; Same as Multicycle ;      ;    ;             ;
; Cut paths between unrelated clock domains                           ; On                 ;      ;    ;             ;
; Cut off read during write signal paths                              ; On                 ;      ;    ;             ;
; Cut off feedback from I/O pins                                      ; On                 ;      ;    ;             ;
; Report Combined Fast/Slow Timing                                    ; Off                ;      ;    ;             ;
; Ignore Clock Settings                                               ; Off                ;      ;    ;             ;
; Analyze latches as synchronous elements                             ; On                 ;      ;    ;             ;
; Enable Recovery/Removal analysis                                    ; Off                ;      ;    ;             ;
; Enable Clock Latency                                                ; Off                ;      ;    ;             ;
; Use TimeQuest Timing Analyzer                                       ; Off                ;      ;    ;             ;
; Number of source nodes to report per destination node               ; 10                 ;      ;    ;             ;
; Number of destination nodes to report                               ; 10                 ;      ;    ;             ;
; Number of paths to report                                           ; 200                ;      ;    ;             ;
; Report Minimum Timing Checks                                        ; Off                ;      ;    ;             ;
; Use Fast Timing Models                                              ; Off                ;      ;    ;             ;
; Report IO Paths Separately                                          ; Off                ;      ;    ;             ;
; Perform Multicorner Analysis                                        ; Off                ;      ;    ;             ;
; Reports the worst-case path for each clock domain and analysis      ; Off                ;      ;    ;             ;
; Removes common clock path pessimism (CCPP) during slack computation ; Off                ;      ;    ;             ;
; Output I/O Timing Endpoint                                          ; Near End           ;      ;    ;             ;
+---------------------------------------------------------------------+--------------------+------+----+-------------+


+------------------------------------------------------------------------------------------------------------------------------------------------------------------------------------+
; Clock Settings Summary                                                                                                                                                             ;
+-----------------+--------------------+----------+------------------+---------------+--------------+----------+-----------------------+---------------------+--------+--------------+
; Clock Node Name ; Clock Setting Name ; Type     ; Fmax Requirement ; Early Latency ; Late Latency ; Based on ; Multiply Base Fmax by ; Divide Base Fmax by ; Offset ; Phase offset ;
+-----------------+--------------------+----------+------------------+---------------+--------------+----------+-----------------------+---------------------+--------+--------------+
; clk             ;                    ; User Pin ; None             ; 0.000 ns      ; 0.000 ns     ; --       ; N/A                   ; N/A                 ; N/A    ;              ;
; mny[0]          ;                    ; User Pin ; None             ; 0.000 ns      ; 0.000 ns     ; --       ; N/A                   ; N/A                 ; N/A    ;              ;
; mny[1]          ;                    ; User Pin ; None             ; 0.000 ns      ; 0.000 ns     ; --       ; N/A                   ; N/A                 ; N/A    ;              ;
+-----------------+--------------------+----------+------------------+---------------+--------------+----------+-----------------------+---------------------+--------+--------------+


+----------------------------------------------------------------------+
; tsu                                                                  ;
+-------+--------------+------------+--------+--------------+----------+
; Slack ; Required tsu ; Actual tsu ; From   ; To           ; To Clock ;
+-------+--------------+------------+--------+--------------+----------+
; N/A   ; None         ; 2.300 ns   ; mny[1] ; buy$latch    ; mny[0]   ;
; N/A   ; None         ; 2.300 ns   ; mny[1] ; chg[1]$latch ; mny[0]   ;
; N/A   ; None         ; 2.300 ns   ; mny[0] ; next         ; mny[0]   ;
; N/A   ; None         ; 2.300 ns   ; mny[0] ; chg[1]$latch ; mny[0]   ;
; N/A   ; None         ; 2.100 ns   ; mny[1] ; next         ; mny[0]   ;
; N/A   ; None         ; 2.100 ns   ; mny[1] ; buy$latch    ; mny[1]   ;
; N/A   ; None         ; 2.100 ns   ; mny[1] ; chg[1]$latch ; mny[1]   ;
; N/A   ; None         ; 2.100 ns   ; mny[0] ; next         ; mny[1]   ;
; N/A   ; None         ; 2.100 ns   ; mny[0] ; buy$latch    ; mny[0]   ;
; N/A   ; None         ; 2.100 ns   ; mny[0] ; chg[1]$latch ; mny[1]   ;
; N/A   ; None         ; 1.900 ns   ; mny[1] ; next         ; mny[1]   ;
; N/A   ; None         ; 1.900 ns   ; mny[0] ; buy$latch    ; mny[1]   ;
+-------+--------------+------------+--------+--------------+----------+


+------------------------------------------------------------------------+
; tco                                                                    ;
+-------+--------------+------------+--------------+--------+------------+
; Slack ; Required tco ; Actual tco ; From         ; To     ; From Clock ;
+-------+--------------+------------+--------------+--------+------------+
; N/A   ; None         ; 9.400 ns   ; present      ; chg[0] ; clk        ;
; N/A   ; None         ; 9.000 ns   ; buy$latch    ; chg[0] ; mny[1]     ;
; N/A   ; None         ; 8.800 ns   ; buy$latch    ; chg[0] ; mny[0]     ;
; N/A   ; None         ; 7.900 ns   ; chg[1]$latch ; chg[1] ; mny[1]     ;
; N/A   ; None         ; 7.900 ns   ; buy$latch    ; buy    ; mny[1]     ;
; N/A   ; None         ; 7.700 ns   ; chg[1]$latch ; chg[1] ; mny[0]     ;
; N/A   ; None         ; 7.700 ns   ; buy$latch    ; buy    ; mny[0]     ;
+-------+--------------+------------+--------------+--------+------------+


+---------------------------------------------------------------+
; tpd                                                           ;
+-------+-------------------+-----------------+--------+--------+
; Slack ; Required P2P Time ; Actual P2P Time ; From   ; To     ;
+-------+-------------------+-----------------+--------+--------+
; N/A   ; None              ; 8.100 ns        ; mny[1] ; chg[0] ;
; N/A   ; None              ; 7.900 ns        ; mny[0] ; chg[0] ;
+-------+-------------------+-----------------+--------+--------+


+----------------------------------------------------------------------------+
; th                                                                         ;
+---------------+-------------+-----------+--------+--------------+----------+
; Minimum Slack ; Required th ; Actual th ; From   ; To           ; To Clock ;
+---------------+-------------+-----------+--------+--------------+----------+
; N/A           ; None        ; 0.000 ns  ; mny[1] ; next         ; mny[1]   ;
; N/A           ; None        ; 0.000 ns  ; mny[0] ; buy$latch    ; mny[1]   ;
; N/A           ; None        ; -0.200 ns ; mny[1] ; next         ; mny[0]   ;
; N/A           ; None        ; -0.200 ns ; mny[1] ; buy$latch    ; mny[1]   ;
; N/A           ; None        ; -0.200 ns ; mny[1] ; chg[1]$latch ; mny[1]   ;
; N/A           ; None        ; -0.200 ns ; mny[0] ; next         ; mny[1]   ;
; N/A           ; None        ; -0.200 ns ; mny[0] ; buy$latch    ; mny[0]   ;
; N/A           ; None        ; -0.200 ns ; mny[0] ; chg[1]$latch ; mny[1]   ;
; N/A           ; None        ; -0.400 ns ; mny[1] ; buy$latch    ; mny[0]   ;
; N/A           ; None        ; -0.400 ns ; mny[1] ; chg[1]$latch ; mny[0]   ;
; N/A           ; None        ; -0.400 ns ; mny[0] ; next         ; mny[0]   ;
; N/A           ; None        ; -0.400 ns ; mny[0] ; chg[1]$latch ; mny[0]   ;
+---------------+-------------+-----------+--------+--------------+----------+


+--------------------------+
; Timing Analyzer Messages ;
+--------------------------+
Info: *******************************************************************
Info: Running Quartus II Classic Timing Analyzer
    Info: Version 8.1 Build 163 10/28/2008 SJ Web Edition
    Info: Processing started: Wed Mar 30 22:23:44 2022
Info: Command: quartus_tan --read_settings_files=off --write_settings_files=off problem2_18301033 -c problem2_18301033
Info: Started post-fitting delay annotation
Info: Delay annotation completed successfully
Warning: Timing Analysis is analyzing one or more combinational loops as latches
    Warning: Node "next" is a latch
    Warning: Node "buy$latch" is a latch
    Warning: Node "chg[1]$latch" is a latch
Warning: Found pins functioning as undefined clocks and/or memory enables
    Info: Assuming node "clk" is an undefined clock
    Info: Assuming node "mny[0]" is a latch enable and/or memory write/read enable. Will not compute fmax for this pin.
    Info: Assuming node "mny[1]" is a latch enable and/or memory write/read enable. Will not compute fmax for this pin.
Warning: Found 1 node(s) in clock paths which may be acting as ripple and/or gated clocks -- node(s) analyzed as buffer(s) resulting in clock skew
    Info: Detected gated clock "buy~70" as buffer
Info: No valid register-to-register data paths exist for clock "clk"
Info: tsu for register "buy$latch" (data pin = "mny[1]", clock pin = "mny[0]") is 2.300 ns
    Info: + Longest pin to register delay is 3.500 ns
        Info: 1: + IC(0.000 ns) + CELL(1.300 ns) = 1.300 ns; Loc. = PIN_124; Fanout = 4; CLK Node = 'mny[1]'
        Info: 2: + IC(0.100 ns) + CELL(1.000 ns) = 2.400 ns; Loc. = LC4_D12; Fanout = 2; COMB Node = 'buy~69'
        Info: 3: + IC(0.100 ns) + CELL(1.000 ns) = 3.500 ns; Loc. = LC8_D12; Fanout = 2; REG Node = 'buy$latch'
        Info: Total cell delay = 3.300 ns ( 94.29 % )
        Info: Total interconnect delay = 0.200 ns ( 5.71 % )
    Info: + Micro setup delay of destination is 1.900 ns
    Info: - Shortest clock path from clock "mny[0]" to destination register is 3.100 ns
        Info: 1: + IC(0.000 ns) + CELL(1.300 ns) = 1.300 ns; Loc. = PIN_54; Fanout = 4; CLK Node = 'mny[0]'
        Info: 2: + IC(0.100 ns) + CELL(0.800 ns) = 2.200 ns; Loc. = LC5_D12; Fanout = 4; COMB Node = 'buy~70'
        Info: 3: + IC(0.100 ns) + CELL(0.800 ns) = 3.100 ns; Loc. = LC8_D12; Fanout = 2; REG Node = 'buy$latch'
        Info: Total cell delay = 2.900 ns ( 93.55 % )
        Info: Total interconnect delay = 0.200 ns ( 6.45 % )
Info: tco from clock "clk" to destination pin "chg[0]" through register "present" is 9.400 ns
    Info: + Longest clock path from clock "clk" to source register is 1.500 ns
        Info: 1: + IC(0.000 ns) + CELL(1.300 ns) = 1.300 ns; Loc. = PIN_55; Fanout = 1; CLK Node = 'clk'
        Info: 2: + IC(0.200 ns) + CELL(0.000 ns) = 1.500 ns; Loc. = LC1_D7; Fanout = 3; REG Node = 'present'
        Info: Total cell delay = 1.300 ns ( 86.67 % )
        Info: Total interconnect delay = 0.200 ns ( 13.33 % )
    Info: + Micro clock to output delay of source is 0.300 ns
    Info: + Longest register to pin delay is 7.600 ns
        Info: 1: + IC(0.000 ns) + CELL(0.000 ns) = 0.000 ns; Loc. = LC1_D7; Fanout = 3; REG Node = 'present'
        Info: 2: + IC(0.900 ns) + CELL(1.000 ns) = 1.900 ns; Loc. = LC4_D12; Fanout = 2; COMB Node = 'buy~69'
        Info: 3: + IC(0.100 ns) + CELL(1.000 ns) = 3.000 ns; Loc. = LC3_D12; Fanout = 1; COMB Node = 'buy$latch~3'
        Info: 4: + IC(0.800 ns) + CELL(3.800 ns) = 7.600 ns; Loc. = PIN_91; Fanout = 0; PIN Node = 'chg[0]'
        Info: Total cell delay = 5.800 ns ( 76.32 % )
        Info: Total interconnect delay = 1.800 ns ( 23.68 % )
Info: Longest tpd from source pin "mny[1]" to destination pin "chg[0]" is 8.100 ns
    Info: 1: + IC(0.000 ns) + CELL(1.300 ns) = 1.300 ns; Loc. = PIN_124; Fanout = 4; CLK Node = 'mny[1]'
    Info: 2: + IC(0.100 ns) + CELL(1.000 ns) = 2.400 ns; Loc. = LC4_D12; Fanout = 2; COMB Node = 'buy~69'
    Info: 3: + IC(0.100 ns) + CELL(1.000 ns) = 3.500 ns; Loc. = LC3_D12; Fanout = 1; COMB Node = 'buy$latch~3'
    Info: 4: + IC(0.800 ns) + CELL(3.800 ns) = 8.100 ns; Loc. = PIN_91; Fanout = 0; PIN Node = 'chg[0]'
    Info: Total cell delay = 7.100 ns ( 87.65 % )
    Info: Total interconnect delay = 1.000 ns ( 12.35 % )
Info: th for register "next" (data pin = "mny[1]", clock pin = "mny[1]") is 0.000 ns
    Info: + Longest clock path from clock "mny[1]" to destination register is 3.300 ns
        Info: 1: + IC(0.000 ns) + CELL(1.300 ns) = 1.300 ns; Loc. = PIN_124; Fanout = 4; CLK Node = 'mny[1]'
        Info: 2: + IC(0.100 ns) + CELL(1.000 ns) = 2.400 ns; Loc. = LC5_D12; Fanout = 4; COMB Node = 'buy~70'
        Info: 3: + IC(0.100 ns) + CELL(0.800 ns) = 3.300 ns; Loc. = LC2_D12; Fanout = 1; REG Node = 'next'
        Info: Total cell delay = 3.100 ns ( 93.94 % )
        Info: Total interconnect delay = 0.200 ns ( 6.06 % )
    Info: + Micro hold delay of destination is 0.000 ns
    Info: - Shortest pin to register delay is 3.300 ns
        Info: 1: + IC(0.000 ns) + CELL(1.300 ns) = 1.300 ns; Loc. = PIN_124; Fanout = 4; CLK Node = 'mny[1]'
        Info: 2: + IC(0.100 ns) + CELL(0.800 ns) = 2.200 ns; Loc. = LC7_D12; Fanout = 1; COMB Node = 'next~15'
        Info: 3: + IC(0.100 ns) + CELL(1.000 ns) = 3.300 ns; Loc. = LC2_D12; Fanout = 1; REG Node = 'next'
        Info: Total cell delay = 3.100 ns ( 93.94 % )
        Info: Total interconnect delay = 0.200 ns ( 6.06 % )
Info: Quartus II Classic Timing Analyzer was successful. 0 errors, 6 warnings
    Info: Peak virtual memory: 179 megabytes
    Info: Processing ended: Wed Mar 30 22:23:44 2022
    Info: Elapsed time: 00:00:00
    Info: Total CPU time (on all processors): 00:00:00


