EDA Netlist Writer report for problem1_18301033
Mon Mar 28 21:08:20 2022
Quartus II Version 8.1 Build 163 10/28/2008 SJ Web Edition


---------------------
; Table of Contents ;
---------------------
  1. Legal Notice
  2. EDA Netlist Writer Summary
  3. Simulation Settings
  4. Simulation Generated Files
  5. Timing Analysis Settings
  6. Timing Analysis Generated Files
  7. EDA Netlist Writer Messages



----------------
; Legal Notice ;
----------------
Copyright (C) 1991-2008 Altera Corporation
Your use of Altera Corporation's design tools, logic functions 
and other software and tools, and its AMPP partner logic 
functions, and any output files from any of the foregoing 
(including device programming or simulation files), and any 
associated documentation or information are expressly subject 
to the terms and conditions of the Altera Program License 
Subscription Agreement, Altera MegaCore Function License 
Agreement, or other applicable license agreement, including, 
without limitation, that your use is for the sole purpose of 
programming logic devices manufactured by Altera and sold by 
Altera or its authorized distributors.  Please refer to the 
applicable agreement for further details.



+------------------------------------------------------------------------+
; EDA Netlist Writer Summary                                             ;
+--------------------------------+---------------------------------------+
; EDA Netlist Writer Status      ; Successful - Mon Mar 28 21:08:20 2022 ;
; Revision Name                  ; problem1_18301033                     ;
; Top-level Entity Name          ; problem1_18301033                     ;
; Family                         ; FLEX10KE                              ;
; Simulation Files Creation      ; Successful                            ;
; Timing Analysis Files Creation ; Successful                            ;
+--------------------------------+---------------------------------------+


+-----------------------------------------------------------------------------------------------------------------+
; Simulation Settings                                                                                             ;
+--------------------------------------------------------------------------------------------+--------------------+
; Option                                                                                     ; Setting            ;
+--------------------------------------------------------------------------------------------+--------------------+
; Tool Name                                                                                  ; Custom Verilog HDL ;
; Generate netlist for functional simulation only                                            ; Off                ;
; Time scale                                                                                 ; 1 ps               ;
; Truncate long hierarchy paths                                                              ; Off                ;
; Map illegal HDL characters                                                                 ; Off                ;
; Flatten buses into individual nodes                                                        ; Off                ;
; Maintain hierarchy                                                                         ; Off                ;
; Bring out device-wide set/reset signals as ports                                           ; Off                ;
; Enable glitch filtering                                                                    ; Off                ;
; Do not write top level VHDL entity                                                         ; Off                ;
; Disable setup and hold time violations detection in input registers of bi-directional pins ; Off                ;
; Architecture name in VHDL output netlist                                                   ; structure          ;
+--------------------------------------------------------------------------------------------+--------------------+


+----------------------------------------------------------------------------------------------------------------------------+
; Simulation Generated Files                                                                                                 ;
+----------------------------------------------------------------------------------------------------------------------------+
; Generated Files                                                                                                            ;
+----------------------------------------------------------------------------------------------------------------------------+
; C:/Users/rafsa/OneDrive/Documents/CSE460 Labs/Assignments/Assignment 2/Problem 1/simulation/custom/problem1_18301033.vo    ;
; C:/Users/rafsa/OneDrive/Documents/CSE460 Labs/Assignments/Assignment 2/Problem 1/simulation/custom/problem1_18301033_v.sdo ;
+----------------------------------------------------------------------------------------------------------------------------+


+----------------------------------------------------------+
; Timing Analysis Settings                                 ;
+-------------------------------------+--------------------+
; Option                              ; Setting            ;
+-------------------------------------+--------------------+
; Tool Name                           ; Custom Verilog HDL ;
; Time scale                          ; 1 ps               ;
; Truncate long hierarchy paths       ; Off                ;
; Map illegal HDL characters          ; Off                ;
; Flatten buses into individual nodes ; Off                ;
+-------------------------------------+--------------------+


+------------------------------------------------------------------------------------------------------------------------+
; Timing Analysis Generated Files                                                                                        ;
+------------------------------------------------------------------------------------------------------------------------+
; Generated Files                                                                                                        ;
+------------------------------------------------------------------------------------------------------------------------+
; C:/Users/rafsa/OneDrive/Documents/CSE460 Labs/Assignments/Assignment 2/Problem 1/timing/custom/problem1_18301033.vo    ;
; C:/Users/rafsa/OneDrive/Documents/CSE460 Labs/Assignments/Assignment 2/Problem 1/timing/custom/problem1_18301033_v.sdo ;
+------------------------------------------------------------------------------------------------------------------------+


+-----------------------------+
; EDA Netlist Writer Messages ;
+-----------------------------+
Info: *******************************************************************
Info: Running Quartus II EDA Netlist Writer
    Info: Version 8.1 Build 163 10/28/2008 SJ Web Edition
    Info: Processing started: Mon Mar 28 21:08:20 2022
Info: Command: quartus_eda --read_settings_files=off --write_settings_files=off problem1_18301033 -c problem1_18301033
Info: Generated files "problem1_18301033.vo" and "problem1_18301033_v.sdo" in directory "C:/Users/rafsa/OneDrive/Documents/CSE460 Labs/Assignments/Assignment 2/Problem 1/simulation/custom/" for EDA simulation tool
Info: Generated files "problem1_18301033.vo" and "problem1_18301033_v.sdo" in directory "C:/Users/rafsa/OneDrive/Documents/CSE460 Labs/Assignments/Assignment 2/Problem 1/timing/custom/" for EDA timing analysis tool
Info: Quartus II EDA Netlist Writer was successful. 0 errors, 0 warnings
    Info: Peak virtual memory: 156 megabytes
    Info: Processing ended: Mon Mar 28 21:08:20 2022
    Info: Elapsed time: 00:00:00
    Info: Total CPU time (on all processors): 00:00:00


